<?xml version="1.0" encoding="UTF-8"?>
<!-- Generated by org.testng.reporters.JUnitXMLReporter -->
<testsuite ignored="0" hostname="DESKTOP-46LUNDE" failures="1" tests="1" name="Command line test" time="0.05" errors="0" timestamp="2020-05-25T14:45:55 BRT">
  <testcase classname="Teste.TesteSimuladorInvestimento" name="test1" time="0.006">
    <failure type="java.lang.NullPointerException">
      <![CDATA[java.lang.NullPointerException
at Teste.TesteSimuladorInvestimento.test1(TesteSimuladorInvestimento.java:16)
at java.base/java.util.ArrayList.forEach(ArrayList.java:1540)
... Removed 36 stack frames]]>
    </failure>
  </testcase> <!-- test1 -->
</testsuite> <!-- Command line test -->
