<?xml version="1.0" encoding="UTF-8" ?>
<testsuite tests="1" failures="1" name="Teste.TesteSimuladorInvestimento" time="0.011" errors="0" skipped="0">
  <properties>
[...]
</properties>
  <testcase classname="Teste.TesteSimuladorInvestimento" name="test1" time="0.011">
    <failure type="java.lang.NullPointerException">java.lang.NullPointerException
	at Teste.TesteSimuladorInvestimento.test1(TesteSimuladorInvestimento.java:16)
</failure>
    <system-out>Configuring TestNG with: org.apache.maven.surefire.testng.conf.TestNG652Configurator@26aa12dd
</system-out>
  </testcase>
</testsuite>